# is not an instruction ALPHA CRITERION
# is not an instruction ALPHA CRITERION
# is not an instruction ALPHA CRITERION
# is not an instruction ALPHA CRITERION
# is not an instruction ALPHA CRITERION
# is not an instruction ALPHA CRITERION
# is not an instruction ALPHA CRITERION
# is not an instruction ALPHA CRITERION
# is not an instruction ALPHA CRITERION
# is not an instruction ALPHA CRITERION
# is not an instruction ALPHA CRITERION
 is not an instruction LENGTH CRITERION
.file is not an instruction ALPHA CRITERION
.text is not an instruction ALPHA CRITERION
.align is not an instruction ALPHA CRITERION
 is not an instruction LENGTH CRITERION
.global is not an instruction ALPHA CRITERION
.type is not an instruction ALPHA CRITERION
__xbrtime_ctor_reg_reset: is not an instruction ALPHA CRITERION
[line 20] eaddie e14, 0, zero is in xBGAS
[line 21] eaddie e15, 0, zero is in xBGAS
[line 22] eaddie e16, 0, zero is in xBGAS
[line 23] eaddie e17, 0, zero is in xBGAS
[line 24] eaddie e18, 0, zero is in xBGAS
[line 25] eaddie e19, 0, zero is in xBGAS
[line 26] eaddie e20, 0, zero is in xBGAS
[line 27] eaddie e21, 0, zero is in xBGAS
[line 28] eaddie e22, 0, zero is in xBGAS
[line 29] eaddie e23, 0, zero is in xBGAS
[line 30] eaddie e24, 0, zero is in xBGAS
[line 31] eaddie e25, 0, zero is in xBGAS
[line 32] eaddie e26, 0, zero is in xBGAS
[line 33] eaddie e27, 0, zero is in xBGAS
[line 34] eaddie e28, 0, zero is in xBGAS
[line 35] eaddie e29, 0, zero is in xBGAS
[line 36] eaddie e30, 0, zero is in xBGAS
[line 37] eaddie e31, 0, zero is in xBGAS
.size is not an instruction ALPHA CRITERION
 is not an instruction LENGTH CRITERION
#-- is not an instruction ALPHA CRITERION
